app/manifest-merger-release-report.txt
-- Merging decision tree log ---
manifest
ADDED from AndroidManifest.xml:2:1
	xmlns:android
		ADDED from AndroidManifest.xml:2:11
	package
		ADDED from AndroidManifest.xml:3:5
		INJECTED from AndroidManifest.xml:0:0
		INJECTED from AndroidManifest.xml:0:0
	android:versionName
		INJECTED from AndroidManifest.xml:0:0
		INJECTED from AndroidManifest.xml:0:0
	android:versionCode
		INJECTED from AndroidManifest.xml:0:0
		INJECTED from AndroidManifest.xml:0:0
uses-permission#android.permission.ACCESS_NETWORK_STATE
ADDED from AndroidManifest.xml:5:5
	android:name
		ADDED from AndroidManifest.xml:5:22
uses-permission#android.permission.READ_PHONE_STATE
ADDED from AndroidManifest.xml:6:5
	android:name
		ADDED from AndroidManifest.xml:6:22
uses-permission#android.permission.WRITE_EXTERNAL_STORAGE
ADDED from AndroidManifest.xml:7:5
MERGED from MyApplication:__SocialShareLib:unspecified:12:5
	android:name
		ADDED from AndroidManifest.xml:7:22
application
ADDED from AndroidManifest.xml:9:5
MERGED from MyApplication:__SocialShareLib:unspecified:14:5
	android:label
		ADDED from AndroidManifest.xml:12:9
	android:allowBackup
		ADDED from AndroidManifest.xml:10:9
	android:icon
		ADDED from AndroidManifest.xml:11:9
	android:theme
		ADDED from AndroidManifest.xml:15:9
	android:largeHeap
		ADDED from AndroidManifest.xml:13:9
activity#com.aristocrat.cooking.MainActivity
ADDED from AndroidManifest.xml:16:9
	android:label
		ADDED from AndroidManifest.xml:18:13
	android:name
		ADDED from AndroidManifest.xml:17:13
intent-filter#android.intent.action.MAIN+android.intent.category.LAUNCHER
ADDED from AndroidManifest.xml:21:13
action#android.intent.action.MAIN
ADDED from AndroidManifest.xml:22:17
	android:name
		ADDED from AndroidManifest.xml:22:25
category#android.intent.category.LAUNCHER
ADDED from AndroidManifest.xml:24:17
	android:name
		ADDED from AndroidManifest.xml:24:27
activity#com.google.ads.AdActivity
ADDED from AndroidManifest.xml:28:9
	android:configChanges
		ADDED from AndroidManifest.xml:30:13
	android:name
		ADDED from AndroidManifest.xml:29:13
meta-data#com.facebook.sdk.ApplicationId
ADDED from AndroidManifest.xml:32:9
MERGED from MyApplication:__SocialShareLib:unspecified:19:9
	android:name
		ADDED from AndroidManifest.xml:32:20
	android:value
		ADDED from AndroidManifest.xml:32:66
meta-data#com.facebook.sdk.ClientToken
ADDED from AndroidManifest.xml:33:9
MERGED from MyApplication:__SocialShareLib:unspecified:22:9
	android:name
		ADDED from AndroidManifest.xml:33:20
	android:value
		ADDED from AndroidManifest.xml:33:64
uses-sdk
INJECTED from AndroidManifest.xml:0:0 reason: use-sdk injection requested
MERGED from MyApplication:__SocialShareLib:unspecified:7:5
	android:targetSdkVersion
		INJECTED from AndroidManifest.xml:0:0
		INJECTED from AndroidManifest.xml:0:0
	android:minSdkVersion
		INJECTED from AndroidManifest.xml:0:0
		INJECTED from AndroidManifest.xml:0:0
uses-permission#android.permission.INTERNET
ADDED from MyApplication:__SocialShareLib:unspecified:11:5
	android:name
		ADDED from MyApplication:__SocialShareLib:unspecified:11:22
activity#com.sharelib.SocialShareActivity
ADDED from MyApplication:__SocialShareLib:unspecified:15:9
	android:name
		ADDED from MyApplication:__SocialShareLib:unspecified:15:19
activity#com.vk.sdk.VKOpenAuthActivity
ADDED from MyApplication:__SocialShareLib:unspecified:16:9
	android:name
		ADDED from MyApplication:__SocialShareLib:unspecified:16:19
activity#com.facebook.LoginActivity
ADDED from MyApplication:__SocialShareLib:unspecified:17:9
	android:name
		ADDED from MyApplication:__SocialShareLib:unspecified:17:19